<?xml version="1.0" encoding="UTF-8"?>
<testsuite xmlns:xsi="http://www.w3.org/2001/XMLSchema-instance" xsi:noNamespaceSchemaLocation="https://maven.apache.org/surefire/maven-surefire-plugin/xsd/surefire-test-report-3.0.xsd" version="3.0" name="com.test.HelloWorldApp.HelloWorldAppApplicationTests" time="2.422" tests="1" errors="0" skipped="0" failures="0">
  <properties>
[...]
</properties>
  <testcase name="contextLoads" classname="com.test.HelloWorldApp.HelloWorldAppApplicationTests" time="0.761">
    <system-out><![CDATA[15:20:38.599 [main] INFO org.springframework.test.context.support.AnnotationConfigContextLoaderUtils -- Could not detect default configuration classes for test class [com.test.HelloWorldApp.HelloWorldAppApplicationTests]: HelloWorldAppApplicationTests does not declare any static, non-private, non-final, nested classes annotated with @Configuration.
15:20:38.702 [main] INFO org.springframework.boot.test.context.SpringBootTestContextBootstrapper -- Found @SpringBootConfiguration com.test.HelloWorldApp.HelloWorldAppApplication for test class com.test.HelloWorldApp.HelloWorldAppApplicationTests

  .   ____          _            __ _ _
 /\\ / ___'_ __ _ _(_)_ __  __ _ \ \ \ \
( ( )\___ | '_ | '_| | '_ \/ _` | \ \ \ \
 \\/  ___)| |_)| | | | | || (_| |  ) ) ) )
  '  |____| .__|_| |_|_| |_\__, | / / / /
 =========|_|==============|___/=/_/_/_/

 :: Spring Boot ::                (v3.3.3)

2024-09-13T15:20:39.124+05:30  INFO 3405 --- [HelloWorldApp] [           main] c.t.H.HelloWorldAppApplicationTests      : Starting HelloWorldAppApplicationTests using Java 22.0.2 with PID 3405 (started by mahabaleshwars in /Users/mahabaleshwars/Documents/GitHub/Sample-Java)
2024-09-13T15:20:39.125+05:30  INFO 3405 --- [HelloWorldApp] [           main] c.t.H.HelloWorldAppApplicationTests      : No active profile set, falling back to 1 default profile: "default"
2024-09-13T15:20:40.054+05:30  INFO 3405 --- [HelloWorldApp] [           main] c.t.H.HelloWorldAppApplicationTests      : Started HelloWorldAppApplicationTests in 1.215 seconds (process running for 2.076)
]]></system-out>
    <system-err><![CDATA[WARNING: A Java agent has been loaded dynamically (/Users/mahabaleshwars/.m2/repository/net/bytebuddy/byte-buddy-agent/1.14.19/byte-buddy-agent-1.14.19.jar)
WARNING: If a serviceability tool is in use, please run with -XX:+EnableDynamicAgentLoading to hide this warning
WARNING: If a serviceability tool is not in use, please run with -Djdk.instrument.traceUsage for more information
WARNING: Dynamic loading of agents will be disallowed by default in a future release
]]></system-err>
  </testcase>
</testsuite>